H.sapiens_STT3B_dolichyldiphosphooligosaccharideprotein_glycosylt
E.caballus_STT3B_dolichyldiphosphooligosaccharideprotein_glycosyl
F.catus_STT3B_dolichyldiphosphooligosaccharideprotein_glycosyltra
C.mydas_STT3B_dolichyldiphosphooligosaccharideprotein_glycosyltra
S.townsendi_STT3B_dolichyldiphosphooligosaccharideprotein_glycosy
G.gallus_STT3B_dolichyldiphosphooligosaccharideprotein_glycosyltr
X.laevis_stt3b.L_dolichyldiphosphooligosaccharideprotein_glycosyl
X.laevis_stt3b.S_dolichyldiphosphooligosaccharideprotein_glycosyl
C.carcharias_stt3b_dolichyldiphosphooligosaccharideprotein_glycos
G.aculeatus_LOC120826197_dolichyldiphosphooligosaccharideprotein_
G.aculeatus_LOC120810931_dolichyldiphosphooligosaccharideprotein_
S.salar_LOC106588202_dolichyldiphosphooligosaccharideprotein_glyc
S.salar_LOC106570075_dolichyldiphosphooligosaccharideprotein_glyc
D.rerio_stt3b_dolichyldiphosphooligosaccharideprotein_glycosyltra
S.salar_LOC106606144_dolichyldiphosphooligosaccharideprotein_glyc
S.salar_LOC123727364_dolichyldiphosphooligosaccharideprotein_glyc
G.aculeatus_stt3a_dolichyldiphosphooligosaccharideprotein_glycosy
F.catus_STT3A_dolichyldiphosphooligosaccharideprotein_glycosyltra
H.sapiens_STT3A_dolichyldiphosphooligosaccharideprotein_glycosylt
G.gallus_STT3A_dolichyldiphosphooligosaccharideprotein_glycosyltr
E.caballus_STT3A_dolichyldiphosphooligosaccharideprotein_glycosyl
S.townsendi_STT3A_dolichyldiphosphooligosaccharideprotein_glycosy
C.mydas_STT3A_dolichyldiphosphooligosaccharideprotein_glycosyltra
S.salar_LOC106603544_dolichyldiphosphooligosaccharideprotein_glyc
X.laevis_stt3a.S_dolichyldiphosphooligosaccharideprotein_glycosyl
C.carcharias_stt3a_dolichyldiphosphooligosaccharideprotein_glycos
X.laevis_stt3a.L_STT3A_subunit_of_the_oligosaccharyltransferase_c
S.salar_stt3a_Dolichyldiphosphooligosaccharideprotein_glycosyltra
D.rerio_stt3a_dolichyldiphosphooligosaccharideprotein_glycosyltra
