H.sapiens_STT3B_dolichyldiphosphooligosaccharideprotein_glycosylt	100.000	826	0	0	0.0	1722	H.sapiens_STT3B_dolichyldiphosphooligosaccharideprotein_glycosylt
E.caballus_STT3B_dolichyldiphosphooligosaccharideprotein_glycosyl	99.516	826	4	0	0.0	1714	E.caballus_STT3B_dolichyldiphosphooligosaccharideprotein_glycosyl
F.catus_STT3B_dolichyldiphosphooligosaccharideprotein_glycosyltra	99.395	826	5	0	0.0	1714	F.catus_STT3B_dolichyldiphosphooligosaccharideprotein_glycosyltra
C.mydas_STT3B_dolichyldiphosphooligosaccharideprotein_glycosyltra	92.978	826	48	4	0.0	1540	C.mydas_STT3B_dolichyldiphosphooligosaccharideprotein_glycosyltra
S.townsendi_STT3B_dolichyldiphosphooligosaccharideprotein_glycosy	91.797	829	54	2	0.0	1527	S.townsendi_STT3B_dolichyldiphosphooligosaccharideprotein_glycosy
G.gallus_STT3B_dolichyldiphosphooligosaccharideprotein_glycosyltr	91.315	829	41	3	0.0	1524	G.gallus_STT3B_dolichyldiphosphooligosaccharideprotein_glycosyltr
X.laevis_stt3b.L_dolichyldiphosphooligosaccharideprotein_glycosyl	95.151	763	35	1	0.0	1505	X.laevis_stt3b.L_dolichyldiphosphooligosaccharideprotein_glycosyl
X.laevis_stt3b.S_dolichyldiphosphooligosaccharideprotein_glycosyl	95.282	763	34	1	0.0	1505	X.laevis_stt3b.S_dolichyldiphosphooligosaccharideprotein_glycosyl
C.carcharias_stt3b_dolichyldiphosphooligosaccharideprotein_glycos	94.233	763	44	0	0.0	1503	C.carcharias_stt3b_dolichyldiphosphooligosaccharideprotein_glycos
G.aculeatus_LOC120826197_dolichyldiphosphooligosaccharideprotein_	88.571	805	81	2	0.0	1465	G.aculeatus_LOC120826197_dolichyldiphosphooligosaccharideprotein_
G.aculeatus_LOC120810931_dolichyldiphosphooligosaccharideprotein_	87.304	827	91	3	0.0	1465	G.aculeatus_LOC120810931_dolichyldiphosphooligosaccharideprotein_
S.salar_LOC106588202_dolichyldiphosphooligosaccharideprotein_glyc	88.300	812	73	4	0.0	1458	S.salar_LOC106588202_dolichyldiphosphooligosaccharideprotein_glyc
S.salar_LOC106570075_dolichyldiphosphooligosaccharideprotein_glyc	88.424	812	72	4	0.0	1455	S.salar_LOC106570075_dolichyldiphosphooligosaccharideprotein_glyc
D.rerio_stt3b_dolichyldiphosphooligosaccharideprotein_glycosyltra	89.480	789	70	4	0.0	1452	D.rerio_stt3b_dolichyldiphosphooligosaccharideprotein_glycosyltra
S.salar_LOC106606144_dolichyldiphosphooligosaccharideprotein_glyc	86.914	810	87	5	0.0	1441	S.salar_LOC106606144_dolichyldiphosphooligosaccharideprotein_glyc
S.salar_LOC123727364_dolichyldiphosphooligosaccharideprotein_glyc	86.914	810	87	5	0.0	1441	S.salar_LOC123727364_dolichyldiphosphooligosaccharideprotein_glyc
G.aculeatus_stt3a_dolichyldiphosphooligosaccharideprotein_glycosy	59.607	713	258	6	0.0	866	G.aculeatus_stt3a_dolichyldiphosphooligosaccharideprotein_glycosy
F.catus_STT3A_dolichyldiphosphooligosaccharideprotein_glycosyltra	60.028	713	255	6	0.0	866	F.catus_STT3A_dolichyldiphosphooligosaccharideprotein_glycosyltra
H.sapiens_STT3A_dolichyldiphosphooligosaccharideprotein_glycosylt	60.028	713	255	6	0.0	865	H.sapiens_STT3A_dolichyldiphosphooligosaccharideprotein_glycosylt
G.gallus_STT3A_dolichyldiphosphooligosaccharideprotein_glycosyltr	59.129	712	263	4	0.0	865	G.gallus_STT3A_dolichyldiphosphooligosaccharideprotein_glycosyltr
E.caballus_STT3A_dolichyldiphosphooligosaccharideprotein_glycosyl	60.028	713	255	6	0.0	865	E.caballus_STT3A_dolichyldiphosphooligosaccharideprotein_glycosyl
S.townsendi_STT3A_dolichyldiphosphooligosaccharideprotein_glycosy	59.607	713	258	6	0.0	863	S.townsendi_STT3A_dolichyldiphosphooligosaccharideprotein_glycosy
C.mydas_STT3A_dolichyldiphosphooligosaccharideprotein_glycosyltra	59.607	713	258	6	0.0	863	C.mydas_STT3A_dolichyldiphosphooligosaccharideprotein_glycosyltra
S.salar_LOC106603544_dolichyldiphosphooligosaccharideprotein_glyc	59.467	713	259	6	0.0	863	S.salar_LOC106603544_dolichyldiphosphooligosaccharideprotein_glyc
X.laevis_stt3a.S_dolichyldiphosphooligosaccharideprotein_glycosyl	59.607	713	258	6	0.0	862	X.laevis_stt3a.S_dolichyldiphosphooligosaccharideprotein_glycosyl
C.carcharias_stt3a_dolichyldiphosphooligosaccharideprotein_glycos	58.848	712	265	4	0.0	860	C.carcharias_stt3a_dolichyldiphosphooligosaccharideprotein_glycos
X.laevis_stt3a.L_STT3A_subunit_of_the_oligosaccharyltransferase_c	59.467	713	259	6	0.0	859	X.laevis_stt3a.L_STT3A_subunit_of_the_oligosaccharyltransferase_c
S.salar_stt3a_Dolichyldiphosphooligosaccharideprotein_glycosyltra	59.463	708	257	6	0.0	857	S.salar_stt3a_Dolichyldiphosphooligosaccharideprotein_glycosyltra
D.rerio_stt3a_dolichyldiphosphooligosaccharideprotein_glycosyltra	58.757	708	262	6	0.0	848	D.rerio_stt3a_dolichyldiphosphooligosaccharideprotein_glycosyltra
E.caballus_STOML3_stomatinlike_protein_3	41.176	34	19	1	0.57	37.0	E.caballus_STOML3_stomatinlike_protein_3
H.sapiens_DDX11_ATPdependent_DNA_helicase_DDX11_isoform_X1	39.535	43	26	0	7.9	33.5	H.sapiens_DDX11_ATPdependent_DNA_helicase_DDX11_isoform_X1
G.gallus_RNF10_RING_finger_protein_10_isoform_X1	47.368	38	19	1	8.3	33.5	G.gallus_RNF10_RING_finger_protein_10_isoform_X1
E.caballus_NPHS2_podocin_isoform_X1	38.235	34	20	1	8.9	33.1	E.caballus_NPHS2_podocin_isoform_X1
F.catus_NPHS2_podocin	38.235	34	20	1	9.7	33.1	F.catus_NPHS2_podocin
